{11//
Id={36E13D64-8A33-4F7E-B88F-66FBA4550912}
Name=GES Completo Subida FTP
Group=GES
Enabled=true
Include subdirectories=true
Create separated backups=true
Use attributes=true
Use VSC=false
Backup type=0
Priority=0
Source="1,c:\Sistema\Backups\AVI"
Destination="2,""""""FTP Host=ftp.solinges.com.ar"""",""""FTP Port=21"""",""""FTP User name=backups@solinges.com.ar"""",""""FTP Password=eQBjAGYAcQBpAGsAZwBgAHwAdgA2AG0AAAACAA4AegB7AHwAcwAcABEAOgB6ACsAdQBGAA8AVAB7AEMAYQBcAGYAXQBiADoABQAvAGEALwB9ACgAcAB+AH0ADgAKAEwAegBTAAwAVQAXAHIAKwBzAGwADwAUAF8ADQBwADAAfgAtAGgAfgBeAHAAcAB1AHQAZABlAHAAfQArAH0AAgB/AAEAEgA="""",""""FTP Initial directory=/cobian"""",""""FTP Passive=true"""",""""FTP Passive host=false"""",""""FTP Proxy="""",""""FTP SSL="""",""""FTP Data port=0"""",""""FTP Min port=0"""",""""FTP Max port=0"""",""""FTP External ip="""",""""FTP Use MLIS=false"""",""""FTP Use HOST=false"""",""""FTP Use extension data port=false"""",""""FTP Use compression=false"""",""""FTP Try NAT fast track=false"""",""""FTP Force UTF8=false"""",""""FTP List hidden files=false"""",""""FTP Listing parameters="""",""""FTP Connect time out=20000"""",""""FTP Transfer time out=0"""",""""FTP Read timeout=60000"""",""""FTP Listen timeout=10000"""",""""FTP Keep alive=false"""",""""FTP Use IPv6=false"""",""""FTP Keep alive time=120000"""",""""FTP Keep alive interval=10000"""",""""FTP Account="""",""""FTP Server host="""",""""FTP files="""""""
Schedule type=6
Select days of the week=false
Order of Day of the week=1
Day of the week=1
Date/Time=0100000011100100010011010101110101010101010110110111100101101100
Day of the month=1
Month=1
Timer=180
Timer from=0100000011100100010011010100000000000000000000000000000000000000
Timer to=0100000011100100010011010101111111111111111001111011101000110111
Full copies=3
Differental copies=0
One full every=0
Use fixed day=false
Fixed day=1
Compression=1
Compress individually=false
Split=0
Custom size=4300000000
Comment=Backup (%FORMATDATETIME="yyyy-mm-dd hh:nn:ss")
Encryption=0
Passphrase=eQB3AGwAdQB2AHEAYwBzAHgAfQAiAHYAFwADAAoAcwB9AHUAcQAdAA8AcgBjAHIAbwAEABcAAABrAB0AcAAJAG4AdwB8ACwAAwABAHoAEgBhAAMAfABiAGYAcwAWACkAYQAoAA==
Exclusions="3,*.bak,0,0000000000000000000000000000000000000000000000000000000000000000","3,*.exe,0,0000000000000000000000000000000000000000000000000000000000000000","3,*.msi,0,0000000000000000000000000000000000000000000000000000000000000000","3,*.rar,0,0000000000000000000000000000000000000000000000000000000000000000","3,*.tbk,0,0000000000000000000000000000000000000000000000000000000000000000","3,*.zip,0,0000000000000000000000000000000000000000000000000000000000000000","3,db_log.*,0,0000000000000000000000000000000000000000000000000000000000000000","3,IIBB20*.*,0,0000000000000000000000000000000000000000000000000000000000000000","3,log.*,0,0000000000000000000000000000000000000000000000000000000000000000","3,user_log.*,0,0000000000000000000000000000000000000000000000000000000000000000","3,_*.*,0,0000000000000000000000000000000000000000000000000000000000000000","3,AGIP2*.*,0,0000000000000000000000000000000000000000000000000000000000000000","3,AGIPS2*.*,0,0000000000000000000000000000000000000000000000000000000000000000"
Inclusions="1,C:\Sistema\backups\AVI\System\data,0,0000000000000000000000000000000000000000000000000000000000000000","0,C:\Sistema\backups\AVI\System\010592.CDX,0,0000000000000000000000000000000000000000000000000000000000000000","0,C:\Sistema\backups\AVI\System\010592.DBF,0,0000000000000000000000000000000000000000000000000000000000000000","0,C:\Sistema\backups\AVI\System\a010592.cdx,0,0000000000000000000000000000000000000000000000000000000000000000","0,C:\Sistema\backups\AVI\System\a010592.dbf,0,0000000000000000000000000000000000000000000000000000000000000000","0,C:\Sistema\backups\AVI\System\empresas.CDX,0,0000000000000000000000000000000000000000000000000000000000000000","0,C:\Sistema\backups\AVI\System\empresas.DBF,0,0000000000000000000000000000000000000000000000000000000000000000","0,C:\Sistema\backups\AVI\System\empresas.FPT,0,0000000000000000000000000000000000000000000000000000000000000000","0,C:\Sistema\backups\AVI\System\ges.cfg,0,0000000000000000000000000000000000000000000000000000000000000000","0,C:\Sistema\backups\AVI\System\mailcola.CDX,0,0000000000000000000000000000000000000000000000000000000000000000","0,C:\Sistema\backups\AVI\System\mailcola.DBF,0,0000000000000000000000000000000000000000000000000000000000000000","0,C:\Sistema\backups\AVI\System\mailcola.FPT,0,0000000000000000000000000000000000000000000000000000000000000000","0,C:\Sistema\backups\AVI\System\pdfstore.CDX,0,0000000000000000000000000000000000000000000000000000000000000000","0,C:\Sistema\backups\AVI\System\pdfstore.DBF,0,0000000000000000000000000000000000000000000000000000000000000000","0,C:\Sistema\backups\AVI\System\pdfstore.FPT,0,0000000000000000000000000000000000000000000000000000000000000000","0,C:\Sistema\backups\AVI\System\Plantillas_XLS.CDX,0,0000000000000000000000000000000000000000000000000000000000000000","0,C:\Sistema\backups\AVI\System\Plantillas_XLS.DBF,0,0000000000000000000000000000000000000000000000000000000000000000","0,C:\Sistema\backups\AVI\System\Plantillas_XLS.FPT,0,0000000000000000000000000000000000000000000000000000000000000000","0,C:\Sistema\backups\AVI\System\rptparam.CDX,0,0000000000000000000000000000000000000000000000000000000000000000","0,C:\Sistema\backups\AVI\System\rptparam.DBF,0,0000000000000000000000000000000000000000000000000000000000000000","0,C:\Sistema\backups\AVI\System\rptparam.FPT,0,0000000000000000000000000000000000000000000000000000000000000000","0,C:\Sistema\backups\AVI\System\SYSMSG.CDX,0,0000000000000000000000000000000000000000000000000000000000000000","0,C:\Sistema\backups\AVI\System\sysmsg.DBF,0,0000000000000000000000000000000000000000000000000000000000000000","0,C:\Sistema\backups\AVI\System\sysmsg.FPT,0,0000000000000000000000000000000000000000000000000000000000000000","0,C:\Sistema\backups\AVI\System\SYSMSGUA.CDX,0,0000000000000000000000000000000000000000000000000000000000000000","0,C:\Sistema\backups\AVI\System\sysmsgua.DBF,0,0000000000000000000000000000000000000000000000000000000000000000","0,C:\Sistema\backups\AVI\System\sysmsgua.FPT,0,0000000000000000000000000000000000000000000000000000000000000000","0,C:\Sistema\backups\AVI\System\SYSMSGUE.CDX,0,0000000000000000000000000000000000000000000000000000000000000000","0,C:\Sistema\backups\AVI\System\sysmsgue.DBF,0,0000000000000000000000000000000000000000000000000000000000000000","0,C:\Sistema\backups\AVI\System\sysmsgue.FPT,0,0000000000000000000000000000000000000000000000000000000000000000","0,C:\Sistema\backups\AVI\System\SYSMSGUS.CDX,0,0000000000000000000000000000000000000000000000000000000000000000","0,C:\Sistema\backups\AVI\System\sysmsgus.DBF,0,0000000000000000000000000000000000000000000000000000000000000000","0,C:\Sistema\backups\AVI\System\sysmsgus.FPT,0,0000000000000000000000000000000000000000000000000000000000000000","0,C:\Sistema\backups\AVI\System\usuarios.CDX,0,0000000000000000000000000000000000000000000000000000000000000000","0,C:\Sistema\backups\AVI\System\usuarios.DBF,0,0000000000000000000000000000000000000000000000000000000000000000","0,C:\Sistema\backups\AVI\System\version.DBF,0,0000000000000000000000000000000000000000000000000000000000000000"
Pre backup events=
Post backup events=
Abort if pre-event fails=false
Abort if post-event fails=false
Mirror=false
Absolute paths=false
Always create top directory=true
Clear archive attribute=true
Include backup type=true
Delete empty directories=true
Impersonate=false
Abort if impersonation fails=true
Run as User name=
Run as Domain=.
Run as Password=dAB8AHwAZQBoAHcAdwBuAHgAegA6AGkAEwADAAcAcwB0AHUAYgAdABMAcgB0AHIAYgAEABMAAAB0AB0AegAJAH4AdwB5ACwADwABAHIACwB/AAwAZABgAGEAcQALADsAZgAkAA==
//11}
{11//
Id={82472C9E-707D-4326-8552-747CA2D9D973}
Name=GES Completo Inicial
Group=GES
Enabled=true
Include subdirectories=true
Create separated backups=false
Use attributes=true
Use VSC=true
Backup type=0
Priority=1
Source="1,c:\Sistema\System"
Destination="1,c:\Sistema\Backups\AVI"
Schedule type=1
Select days of the week=false
Order of Day of the week=1
Day of the week=1
Date/Time=0100000011100100010011010101110101010101010110110111100101101100
Day of the month=1
Month=1
Timer=180
Timer from=0100000011100100010011010100000000000000000000000000000000000000
Timer to=0100000011100100010011010101111111111111111001111011101000110111
Full copies=1
Differental copies=0
One full every=0
Use fixed day=false
Fixed day=1
Compression=0
Compress individually=false
Split=0
Custom size=4300000000
Comment=Backup Uniongood (%FORMATDATETIME="yyyy-mm-dd hh:nn:ss")
Encryption=0
Passphrase=ZwBlAHIAdABzAHsAZgBkAH0AYQAyAG0ACwADAA0AcwB4AHUAeAAdABUAcgBiAHIAdQAEAAMAAAB0AB0AfQAJAG8AdwBjACwAAAABAG4ADAB5AAMAYwBsAH0AcwAUAD8AbgAzAA==
Exclusions="3,*.bak,0,0000000000000000000000000000000000000000000000000000000000000000","3,*.exe,0,0000000000000000000000000000000000000000000000000000000000000000","3,*.msi,0,0000000000000000000000000000000000000000000000000000000000000000","3,*.rar,0,0000000000000000000000000000000000000000000000000000000000000000","3,*.tbk,0,0000000000000000000000000000000000000000000000000000000000000000","3,*.zip,0,0000000000000000000000000000000000000000000000000000000000000000","3,db_log.*,0,0000000000000000000000000000000000000000000000000000000000000000","3,IIBB20*.*,0,0000000000000000000000000000000000000000000000000000000000000000","3,log.*,0,0000000000000000000000000000000000000000000000000000000000000000","3,user_log.*,0,0000000000000000000000000000000000000000000000000000000000000000","3,_*.*,0,0000000000000000000000000000000000000000000000000000000000000000","3,AGIP2*.*,0,0000000000000000000000000000000000000000000000000000000000000000","3,AGIPS2*.*,0,0000000000000000000000000000000000000000000000000000000000000000"
Inclusions=
Pre backup events=
Post backup events="LINK,""GES Completo Deposito"",","LINK,""GES Completo Subida FTP"","
Abort if pre-event fails=true
Abort if post-event fails=true
Mirror=true
Absolute paths=false
Always create top directory=true
Clear archive attribute=true
Include backup type=false
Delete empty directories=true
Impersonate=false
Abort if impersonation fails=false
Run as User name=diego.zacur
Run as Domain=.
Run as Password=ewB9AH4AdwB5AHQAdwB4AHUAdAAvAHcACwBHABwAKgBkACgAZQBAAAoALQBjACEAfQACABIAAAB3AB0AbQAJAGcABQB9AHMABgByAHgAcgBzAHEAdgAEAGYAegAEABIAbQAgABoAMwAMAAYAPwARAHgAbQARACEACwAYAA==
//11}
{11//
Id={E5FE1A21-9D38-48EE-BA0F-5F1F3C28C04E}
Name=GES Completo Deposito
Group=GES
Enabled=true
Include subdirectories=true
Create separated backups=true
Use attributes=false
Use VSC=false
Backup type=0
Priority=0
Source="1,c:\Sistema\Backups\AVI"
Destination="1,c:\Sistema\Backups\GES"
Schedule type=6
Select days of the week=false
Order of Day of the week=1
Day of the week=1
Date/Time=0100000011100100010011010101110101010101010110110111100101101100
Day of the month=1
Month=1
Timer=180
Timer from=0100000011100100010011010100000000000000000000000000000000000000
Timer to=0100000011100100010011010101111111111111111001111011101000110111
Full copies=30
Differental copies=0
One full every=0
Use fixed day=false
Fixed day=1
Compression=1
Compress individually=false
Split=0
Custom size=4300000000
Comment=Backup (%FORMATDATETIME="yyyy-mm-dd hh:nn:ss")
Encryption=0
Passphrase=aAB5AHEAZgBzAHwAfgB4AGEAdgAuAHEACAADAAIAcwB2AHUAfAAdAAEAcgBgAHIAeAAEAAQAAABoAB0AfAAJAH4AdwBoACwADQABAHAAEQBnAAgAfgBtAGIAcwANADAAcgA0AA==
Exclusions="3,*.bak,0,0000000000000000000000000000000000000000000000000000000000000000","3,*.exe,0,0000000000000000000000000000000000000000000000000000000000000000","3,*.msi,0,0000000000000000000000000000000000000000000000000000000000000000","3,*.rar,0,0000000000000000000000000000000000000000000000000000000000000000","3,*.tbk,0,0000000000000000000000000000000000000000000000000000000000000000","3,*.zip,0,0000000000000000000000000000000000000000000000000000000000000000","3,db_log.*,0,0000000000000000000000000000000000000000000000000000000000000000","3,IIBB20*.*,0,0000000000000000000000000000000000000000000000000000000000000000","3,log.*,0,0000000000000000000000000000000000000000000000000000000000000000","3,user_log.*,0,0000000000000000000000000000000000000000000000000000000000000000","3,_*.*,0,0000000000000000000000000000000000000000000000000000000000000000","3,AGIP2*.*,0,0000000000000000000000000000000000000000000000000000000000000000","3,AGIPS2*.*,0,0000000000000000000000000000000000000000000000000000000000000000"
Inclusions=
Pre backup events=
Post backup events=
Abort if pre-event fails=false
Abort if post-event fails=false
Mirror=false
Absolute paths=false
Always create top directory=true
Clear archive attribute=false
Include backup type=true
Delete empty directories=true
Impersonate=false
Abort if impersonation fails=true
Run as User name=diego.zacur
Run as Domain=.
Run as Password=dwB/AH4AZABhAGoAdgBwAHUAegA+AH4ABABHABIAKgB9ACgAfgBAABcALQBwACEAYwACABQAAABuAB0AdAAJAHwABQBqAHMACQByAHoAcgBjAHEAYgAEAHIAegAUABIAYAAgAA0APAARABQAKwALAHcAaAAMADYAFAACAA==
//11}
